0 info it worked if it ends with ok
1 verbose cli [ '/usr/local/bin/node',
1 verbose cli   '/usr/local/bin/npm',
1 verbose cli   'publish',
1 verbose cli   'fullgoal-webview-bridge' ]
2 info using npm@3.10.10
3 info using node@v6.10.3
4 verbose publish [ 'fullgoal-webview-bridge' ]
5 silly cache add args [ 'fullgoal-webview-bridge', null ]
6 verbose cache add spec fullgoal-webview-bridge
7 silly cache add parsed spec Result {
7 silly cache add   raw: 'fullgoal-webview-bridge',
7 silly cache add   scope: null,
7 silly cache add   escapedName: 'fullgoal-webview-bridge',
7 silly cache add   name: 'fullgoal-webview-bridge',
7 silly cache add   rawSpec: '',
7 silly cache add   spec: 'latest',
7 silly cache add   type: 'tag' }
8 silly addNamed fullgoal-webview-bridge@latest
9 verbose addNamed "latest" is being treated as a dist-tag for fullgoal-webview-bridge
10 info addNameTag [ 'fullgoal-webview-bridge', 'latest' ]
11 silly mapToRegistry name fullgoal-webview-bridge
12 silly mapToRegistry using default registry
13 silly mapToRegistry registry https://registry.npm.taobao.org/
14 silly mapToRegistry data Result {
14 silly mapToRegistry   raw: 'fullgoal-webview-bridge',
14 silly mapToRegistry   scope: null,
14 silly mapToRegistry   escapedName: 'fullgoal-webview-bridge',
14 silly mapToRegistry   name: 'fullgoal-webview-bridge',
14 silly mapToRegistry   rawSpec: '',
14 silly mapToRegistry   spec: 'latest',
14 silly mapToRegistry   type: 'tag' }
15 silly mapToRegistry uri https://registry.npm.taobao.org/fullgoal-webview-bridge
16 verbose addNameTag registry:https://registry.npm.taobao.org/fullgoal-webview-bridge not in flight; fetching
17 verbose request uri https://registry.npm.taobao.org/fullgoal-webview-bridge
18 verbose request no auth needed
19 info attempt registry request try #1 at 16:12:08
20 verbose request id 84a56916f6aa0ec5
21 http request GET https://registry.npm.taobao.org/fullgoal-webview-bridge
22 http 404 https://registry.npm.taobao.org/fullgoal-webview-bridge
23 verbose headers { 'content-type': 'application/json',
23 verbose headers   'cache-control': 'max-age=0',
23 verbose headers   'content-length': '2',
23 verbose headers   'accept-ranges': 'bytes',
23 verbose headers   date: 'Tue, 11 Jul 2017 08:12:10 GMT',
23 verbose headers   via: '1.1 varnish',
23 verbose headers   age: '0',
23 verbose headers   connection: 'keep-alive',
23 verbose headers   'x-served-by': 'cache-nrt6128-NRT',
23 verbose headers   'x-cache': 'MISS',
23 verbose headers   'x-cache-hits': '0',
23 verbose headers   'x-timer': 'S1499760730.697468,VS0,VE741',
23 verbose headers   vary: 'Accept-Encoding' }
24 silly get cb [ 404,
24 silly get   { 'content-type': 'application/json',
24 silly get     'cache-control': 'max-age=0',
24 silly get     'content-length': '2',
24 silly get     'accept-ranges': 'bytes',
24 silly get     date: 'Tue, 11 Jul 2017 08:12:10 GMT',
24 silly get     via: '1.1 varnish',
24 silly get     age: '0',
24 silly get     connection: 'keep-alive',
24 silly get     'x-served-by': 'cache-nrt6128-NRT',
24 silly get     'x-cache': 'MISS',
24 silly get     'x-cache-hits': '0',
24 silly get     'x-timer': 'S1499760730.697468,VS0,VE741',
24 silly get     vary: 'Accept-Encoding' } ]
25 verbose stack Error: Registry returned 404 for GET on https://registry.npm.taobao.org/fullgoal-webview-bridge
25 verbose stack     at makeError (/usr/local/lib/node_modules/npm/node_modules/npm-registry-client/lib/request.js:302:12)
25 verbose stack     at CachingRegistryClient.<anonymous> (/usr/local/lib/node_modules/npm/node_modules/npm-registry-client/lib/request.js:280:14)
25 verbose stack     at Request._callback (/usr/local/lib/node_modules/npm/node_modules/npm-registry-client/lib/request.js:210:14)
25 verbose stack     at Request.self.callback (/usr/local/lib/node_modules/npm/node_modules/request/request.js:187:22)
25 verbose stack     at emitTwo (events.js:106:13)
25 verbose stack     at Request.emit (events.js:191:7)
25 verbose stack     at Request.<anonymous> (/usr/local/lib/node_modules/npm/node_modules/request/request.js:1048:10)
25 verbose stack     at emitOne (events.js:96:13)
25 verbose stack     at Request.emit (events.js:188:7)
25 verbose stack     at IncomingMessage.<anonymous> (/usr/local/lib/node_modules/npm/node_modules/request/request.js:969:12)
26 verbose statusCode 404
27 verbose pkgid fullgoal-webview-bridge
28 verbose cwd /Users/zhubingbing/Desktop/fullgoalApp/fullgoal-webview-bridge
29 error Darwin 16.0.0
30 error argv "/usr/local/bin/node" "/usr/local/bin/npm" "publish" "fullgoal-webview-bridge"
31 error node v6.10.3
32 error npm  v3.10.10
33 error code E404
34 error 404 Registry returned 404 for GET on https://registry.npm.taobao.org/fullgoal-webview-bridge
35 error 404
36 error 404 'fullgoal-webview-bridge' is not in the npm registry.
37 error 404 You should bug the author to publish it (or use the name yourself!)
38 error 404 Note that you can also install from a
39 error 404 tarball, folder, http url, or git url.
40 verbose exit [ 1, true ]
